[21:46:37] [Server console handler/ERROR]: Exception handling console input
java.io.IOException: The handle is invalid
	at java.io.FileInputStream.readBytes(Native Method) ~[?:1.8.0_171]
	at java.io.FileInputStream.read(Unknown Source) ~[?:1.8.0_171]
	at java.io.BufferedInputStream.read1(Unknown Source) ~[?:1.8.0_171]
	at java.io.BufferedInputStream.read(Unknown Source) ~[?:1.8.0_171]
	at sun.nio.cs.StreamDecoder.readBytes(Unknown Source) ~[?:1.8.0_171]
	at sun.nio.cs.StreamDecoder.implRead(Unknown Source) ~[?:1.8.0_171]
	at sun.nio.cs.StreamDecoder.read(Unknown Source) ~[?:1.8.0_171]
	at java.io.InputStreamReader.read(Unknown Source) ~[?:1.8.0_171]
	at java.io.BufferedReader.fill(Unknown Source) ~[?:1.8.0_171]
	at java.io.BufferedReader.readLine(Unknown Source) ~[?:1.8.0_171]
	at java.io.BufferedReader.readLine(Unknown Source) ~[?:1.8.0_171]
	at nz$2.run(SourceFile:100) [server.jar:?]
[21:46:37] [Server thread/INFO]: Starting minecraft server version 1.12.2
[21:46:37] [Server thread/WARN]: To start the server with more ram, launch it as "java -Xmx1024M -Xms1024M -jar minecraft_server.jar"
[21:46:37] [Server thread/INFO]: Loading properties
[21:46:37] [Server thread/INFO]: Default game type: CREATIVE
[21:46:37] [Server thread/INFO]: Generating keypair
[21:46:38] [Server thread/INFO]: Starting Minecraft server on 25.66.54.212:12345
[21:46:38] [Server thread/INFO]: Using default channel type
[21:46:38] [Server thread/WARN]: **** SERVER IS RUNNING IN OFFLINE/INSECURE MODE!
[21:46:38] [Server thread/WARN]: The server will make no attempt to authenticate usernames. Beware.
[21:46:38] [Server thread/WARN]: While this makes the game possible to play without internet access, it also opens up the ability for hackers to connect with any username they choose.
[21:46:38] [Server thread/WARN]: To change this, set "online-mode" to "true" in the server.properties file.
[21:46:38] [Server thread/INFO]: Preparing level "world"
[21:46:38] [Server thread/INFO]: Loaded 488 advancements
[21:46:40] [Server thread/INFO]: Preparing start region for level 0
[21:46:41] [Server thread/INFO]: Preparing spawn area: 76%
[21:46:41] [Server thread/INFO]: Done (3.055s)! For help, type "help" or "?"
[21:46:50] [Server thread/INFO]: Stopping the server
[21:46:51] [Server thread/INFO]: Stopping server
[21:46:51] [Server thread/INFO]: Saving players
[21:46:51] [Server thread/INFO]: Saving worlds
[21:46:51] [Server thread/INFO]: Saving chunks for level 'world'/overworld
[21:46:51] [Server thread/INFO]: Saving chunks for level 'world'/the_nether
[21:46:51] [Server thread/INFO]: Saving chunks for level 'world'/the_end
[21:46:51] [Server Shutdown Thread/INFO]: Stopping server
[21:46:51] [Server Shutdown Thread/INFO]: Saving players
[21:46:51] [Server Shutdown Thread/INFO]: Saving worlds
[21:46:51] [Server Shutdown Thread/INFO]: Saving chunks for level 'world'/overworld
